2026-04-12 09:12:18,089 [INFO] Đang lấy danh sách thể loại...
2026-04-12 09:12:36,284 [INFO] Tìm thấy 64 thể loại
2026-04-12 09:12:36,284 [INFO] ━━ Danh mục: Sách Truyện eBook ━━
2026-04-12 09:12:51,904 [INFO]   Trang 1: +276 sách (tổng: 276)
2026-04-12 09:13:06,946 [INFO]   Trang 2: +202 sách (tổng: 478)
2026-04-12 09:13:17,826 [INFO]   Trang 3: +202 sách (tổng: 680)
2026-04-12 09:13:39,332 [WARNING] [1/3] Lỗi fetch https://dtv-ebook.com.vn/the-loai-truyen-313/4.html: HTTPSConnectionPool(host='dtv-ebook.com.vn', port=443): Read timed out. (read timeout=20)
2026-04-12 09:14:02,684 [WARNING] [2/3] Lỗi fetch https://dtv-ebook.com.vn/the-loai-truyen-313/4.html: HTTPSConnectionPool(host='dtv-ebook.com.vn', port=443): Read timed out. (read timeout=20)
2026-04-12 09:14:29,031 [WARNING] [3/3] Lỗi fetch https://dtv-ebook.com.vn/the-loai-truyen-313/4.html: HTTPSConnectionPool(host='dtv-ebook.com.vn', port=443): Read timed out. (read timeout=20)
2026-04-12 09:14:29,032 [ERROR] Bỏ qua URL (fetch thất bại): https://dtv-ebook.com.vn/the-loai-truyen-313/4.html
2026-04-12 09:14:29,032 [INFO] ━━ Danh mục: Sách Nói ━━
2026-04-12 09:14:49,429 [WARNING] [1/3] Lỗi fetch https://dtv-ebook.com.vn/sach-noi-5583.html: HTTPSConnectionPool(host='dtv-ebook.com.vn', port=443): Read timed out. (read timeout=20)
2026-04-12 09:15:12,780 [WARNING] [2/3] Lỗi fetch https://dtv-ebook.com.vn/sach-noi-5583.html: HTTPSConnectionPool(host='dtv-ebook.com.vn', port=443): Read timed out. (read timeout=20)
2026-04-12 09:15:39,103 [WARNING] [3/3] Lỗi fetch https://dtv-ebook.com.vn/sach-noi-5583.html: HTTPSConnectionPool(host='dtv-ebook.com.vn', port=443): Read timed out. (read timeout=20)
2026-04-12 09:15:39,103 [ERROR] Bỏ qua URL (fetch thất bại): https://dtv-ebook.com.vn/sach-noi-5583.html
2026-04-12 09:15:39,103 [INFO] ━━ Danh mục: Truyện Tranh ━━
2026-04-12 09:15:56,270 [INFO]   Trang 1: +276 sách (tổng: 276)
2026-04-12 09:18:32,686 [INFO] Đang lấy danh sách thể loại...
2026-04-12 09:18:54,361 [INFO] Tìm thấy 64 thể loại
2026-04-12 09:18:54,361 [INFO] ━━ Danh mục: Sách Truyện eBook ━━
2026-04-12 09:19:09,399 [INFO]   Trang 1: +276 sách (tổng: 276)
2026-04-12 09:19:18,306 [INFO]   Trang 2: +200 sách (tổng: 476)
2026-04-12 09:19:31,462 [INFO]   Trang 3: +202 sách (tổng: 678)
2026-04-12 09:20:09,539 [INFO]   Trang 4: +202 sách (tổng: 880)
2026-04-12 09:20:37,790 [INFO]   Trang 5: +200 sách (tổng: 1080)
2026-04-12 09:21:02,821 [INFO]   Trang 6: +202 sách (tổng: 1282)
2026-04-12 09:21:24,022 [INFO]   Trang 7: +202 sách (tổng: 1484)
2026-04-12 09:21:42,066 [INFO]   Trang 8: +202 sách (tổng: 1686)
2026-04-12 09:22:30,077 [WARNING] [1/3] Lỗi fetch https://dtv-ebook.com.vn/the-loai-truyen-313/9.html: HTTPSConnectionPool(host='dtv-ebook.com.vn', port=443): Read timed out. (read timeout=45)
2026-04-12 09:23:13,806 [INFO]   Trang 9: +202 sách (tổng: 1888)
2026-04-12 09:23:55,185 [INFO]   Trang 10: +200 sách (tổng: 2088)
2026-04-12 09:24:32,039 [INFO]   Trang 11: +196 sách (tổng: 2284)
2026-04-12 09:25:20,051 [WARNING] [1/3] Lỗi fetch https://dtv-ebook.com.vn/the-loai-truyen-313/12.html: HTTPSConnectionPool(host='dtv-ebook.com.vn', port=443): Read timed out. (read timeout=45)
2026-04-12 09:26:10,428 [WARNING] [2/3] Lỗi fetch https://dtv-ebook.com.vn/the-loai-truyen-313/12.html: HTTPSConnectionPool(host='dtv-ebook.com.vn', port=443): Read timed out. (read timeout=45)
2026-04-12 09:27:05,785 [WARNING] [3/3] Lỗi fetch https://dtv-ebook.com.vn/the-loai-truyen-313/12.html: HTTPSConnectionPool(host='dtv-ebook.com.vn', port=443): Read timed out. (read timeout=45)
2026-04-12 09:27:05,786 [ERROR] Bỏ qua URL (fetch thất bại): https://dtv-ebook.com.vn/the-loai-truyen-313/12.html
2026-04-12 09:27:05,786 [INFO] ━━ Danh mục: Sách Nói ━━
2026-04-12 09:27:51,129 [WARNING] [1/3] Lỗi fetch https://dtv-ebook.com.vn/sach-noi-5583.html: HTTPSConnectionPool(host='dtv-ebook.com.vn', port=443): Read timed out. (read timeout=45)
2026-04-12 09:28:23,844 [INFO]   Trang 1: +276 sách (tổng: 276)
2026-04-12 09:29:10,130 [INFO]   Trang 2: +200 sách (tổng: 476)
2026-04-12 09:29:58,146 [WARNING] [1/3] Lỗi fetch https://dtv-ebook.com.vn/sach-noi-5583/3.html: HTTPSConnectionPool(host='dtv-ebook.com.vn', port=443): Read timed out. (read timeout=45)
2026-04-12 09:30:48,497 [WARNING] [2/3] Lỗi fetch https://dtv-ebook.com.vn/sach-noi-5583/3.html: HTTPSConnectionPool(host='dtv-ebook.com.vn', port=443): Read timed out. (read timeout=45)
2026-04-12 09:31:43,894 [WARNING] [3/3] Lỗi fetch https://dtv-ebook.com.vn/sach-noi-5583/3.html: HTTPSConnectionPool(host='dtv-ebook.com.vn', port=443): Read timed out. (read timeout=45)
2026-04-12 09:31:43,894 [ERROR] Bỏ qua URL (fetch thất bại): https://dtv-ebook.com.vn/sach-noi-5583/3.html
2026-04-12 09:31:43,894 [INFO] ━━ Danh mục: Truyện Tranh ━━
2026-04-12 09:32:29,259 [WARNING] [1/3] Lỗi fetch https://dtv-ebook.com.vn/truyen-tranh-7742.html: HTTPSConnectionPool(host='dtv-ebook.com.vn', port=443): Read timed out. (read timeout=45)
2026-04-12 09:33:19,586 [WARNING] [2/3] Lỗi fetch https://dtv-ebook.com.vn/truyen-tranh-7742.html: HTTPSConnectionPool(host='dtv-ebook.com.vn', port=443): Read timed out. (read timeout=45)
2026-04-12 15:59:25,844 [WARNING] [3/3] Lỗi fetch https://dtv-ebook.com.vn/truyen-tranh-7742.html: HTTPSConnectionPool(host='dtv-ebook.com.vn', port=443): Read timed out. (read timeout=45)
2026-04-12 15:59:25,844 [ERROR] Bỏ qua URL (fetch thất bại): https://dtv-ebook.com.vn/truyen-tranh-7742.html
2026-04-12 15:59:25,845 [INFO] ━━ Danh mục: Audiobook ━━
2026-04-12 15:59:29,943 [INFO]   Trang 1: +276 sách (tổng: 276)
2026-04-12 15:59:36,953 [INFO]   Trang 2: +78 sách (tổng: 354)
2026-04-12 15:59:42,571 [INFO]   Trang 3: +8 sách (tổng: 362)
2026-04-12 15:59:48,629 [INFO]   Trang 4: +2 sách (tổng: 364)
2026-04-12 15:59:55,796 [INFO]   Trang 5: +4 sách (tổng: 368)
2026-04-12 16:00:01,872 [INFO]   Trang 6: +2 sách (tổng: 370)
2026-04-12 16:00:07,823 [INFO]   Trang 7: +2 sách (tổng: 372)
2026-04-12 16:00:13,838 [INFO] ━━ Danh mục: Tác Giả ━━
2026-04-12 16:00:17,440 [INFO]   Trang 1: +276 sách (tổng: 276)
2026-04-12 16:00:23,591 [INFO]   Trang 2: +198 sách (tổng: 474)
2026-04-12 16:00:30,107 [INFO]   Trang 3: +198 sách (tổng: 672)
2026-04-12 16:00:36,465 [INFO]   Trang 4: +178 sách (tổng: 850)
2026-04-12 16:00:42,487 [INFO]   Trang 5: +112 sách (tổng: 962)
2026-04-12 16:00:49,133 [INFO]   Trang 6: +10 sách (tổng: 972)
2026-04-12 16:00:54,691 [INFO]   Trang 7: +4 sách (tổng: 976)
2026-04-12 16:01:01,142 [INFO]   Trang 8: +2 sách (tổng: 978)
2026-04-12 16:01:07,355 [INFO] ━━ Danh mục: Tin tức - Review Sách Hay ━━
2026-04-12 16:01:10,548 [INFO]   Trang 1: +274 sách (tổng: 274)
2026-04-12 16:01:16,470 [INFO]   Trang 2: +196 sách (tổng: 470)
2026-04-12 16:01:35,633 [INFO]   Trang 3: +192 sách (tổng: 662)
2026-04-12 16:01:41,522 [INFO]   Trang 4: +202 sách (tổng: 864)
2026-04-12 16:01:46,637 [INFO]   Trang 5: +192 sách (tổng: 1056)
2026-04-12 16:01:52,060 [INFO]   Trang 6: +194 sách (tổng: 1250)
2026-04-12 16:01:57,327 [INFO]   Trang 7: +190 sách (tổng: 1440)
2026-04-12 16:02:03,238 [INFO]   Trang 8: +196 sách (tổng: 1636)
2026-04-12 16:02:08,719 [INFO]   Trang 9: +196 sách (tổng: 1832)
2026-04-12 16:02:16,843 [INFO]   Trang 10: +196 sách (tổng: 2028)
2026-04-12 16:02:22,368 [INFO]   Trang 11: +202 sách (tổng: 2230)
2026-04-12 16:02:28,545 [INFO]   Trang 12: +196 sách (tổng: 2426)
2026-04-12 16:02:34,851 [INFO]   Trang 13: +194 sách (tổng: 2620)
2026-04-12 16:02:40,398 [INFO]   Trang 14: +192 sách (tổng: 2812)
2026-04-12 16:02:45,843 [INFO]   Trang 15: +192 sách (tổng: 3004)
2026-04-12 16:02:50,934 [INFO]   Trang 16: +194 sách (tổng: 3198)
2026-04-12 16:02:56,254 [INFO]   Trang 17: +196 sách (tổng: 3394)
2026-04-12 16:03:01,214 [INFO]   Trang 18: +196 sách (tổng: 3590)
2026-04-12 16:03:06,589 [INFO]   Trang 19: +192 sách (tổng: 3782)
2026-04-12 16:03:12,372 [INFO]   Trang 20: +192 sách (tổng: 3974)
2026-04-12 16:03:17,914 [INFO]   Trang 21: +194 sách (tổng: 4168)
2026-04-12 16:03:22,953 [INFO]   Trang 22: +192 sách (tổng: 4360)
2026-04-12 16:03:28,250 [INFO]   Trang 23: +194 sách (tổng: 4554)
2026-04-12 16:03:33,906 [INFO]   Trang 24: +194 sách (tổng: 4748)
2026-04-12 16:03:39,543 [INFO]   Trang 25: +196 sách (tổng: 4944)
2026-04-12 16:03:46,006 [INFO]   Trang 26: +196 sách (tổng: 5140)
2026-04-12 16:03:52,354 [INFO]   Trang 27: +196 sách (tổng: 5336)
2026-04-12 16:03:59,040 [INFO]   Trang 28: +192 sách (tổng: 5528)
2026-04-12 16:04:04,485 [INFO]   Trang 29: +194 sách (tổng: 5722)
2026-04-12 16:04:10,639 [INFO]   Trang 30: +192 sách (tổng: 5914)
2026-04-12 16:04:16,996 [INFO]   Trang 31: +200 sách (tổng: 6114)
2026-04-12 16:04:23,188 [INFO]   Trang 32: +194 sách (tổng: 6308)
2026-04-12 16:04:28,927 [INFO]   Trang 33: +192 sách (tổng: 6500)
2026-04-12 16:04:34,579 [INFO]   Trang 34: +194 sách (tổng: 6694)
2026-04-12 16:04:40,148 [INFO]   Trang 35: +196 sách (tổng: 6890)
2026-04-12 16:04:45,982 [INFO]   Trang 36: +196 sách (tổng: 7086)
2026-04-12 16:04:51,662 [INFO]   Trang 37: +192 sách (tổng: 7278)
2026-04-12 16:04:56,672 [INFO]   Trang 38: +192 sách (tổng: 7470)
2026-04-12 16:05:01,820 [INFO]   Trang 39: +192 sách (tổng: 7662)
2026-04-12 16:05:06,898 [INFO]   Trang 40: +194 sách (tổng: 7856)
2026-04-12 16:05:12,349 [INFO]   Trang 41: +196 sách (tổng: 8052)
2026-04-12 16:05:17,575 [INFO]   Trang 42: +196 sách (tổng: 8248)
2026-04-12 16:05:23,829 [INFO]   Trang 43: +192 sách (tổng: 8440)
2026-04-12 16:05:30,247 [INFO]   Trang 44: +196 sách (tổng: 8636)
2026-04-12 16:05:36,278 [INFO]   Trang 45: +196 sách (tổng: 8832)
2026-04-12 16:05:42,631 [INFO]   Trang 46: +202 sách (tổng: 9034)
2026-04-12 16:05:48,499 [INFO]   Trang 47: +198 sách (tổng: 9232)
2026-04-12 16:05:54,342 [INFO]   Trang 48: +194 sách (tổng: 9426)
2026-04-12 16:05:59,621 [INFO]   Trang 49: +194 sách (tổng: 9620)
2026-04-12 16:06:04,981 [INFO]   Trang 50: +192 sách (tổng: 9812)
2026-04-12 16:06:10,308 [INFO]   Trang 51: +194 sách (tổng: 10006)
2026-04-12 16:06:16,525 [INFO]   Trang 52: +196 sách (tổng: 10202)
2026-04-12 16:06:23,085 [INFO]   Trang 53: +196 sách (tổng: 10398)
2026-04-12 16:06:29,232 [INFO]   Trang 54: +194 sách (tổng: 10592)
2026-04-12 16:06:35,737 [INFO]   Trang 55: +196 sách (tổng: 10788)
2026-04-12 16:06:42,229 [INFO]   Trang 56: +194 sách (tổng: 10982)
2026-04-12 16:06:47,941 [INFO]   Trang 57: +194 sách (tổng: 11176)
2026-04-12 16:06:55,007 [INFO]   Trang 58: +192 sách (tổng: 11368)
2026-04-12 16:07:07,268 [INFO]   Trang 59: +196 sách (tổng: 11564)
2026-04-12 16:07:14,900 [INFO]   Trang 60: +192 sách (tổng: 11756)
2026-04-12 16:07:21,285 [INFO]   Trang 61: +196 sách (tổng: 11952)
2026-04-12 16:07:28,682 [INFO]   Trang 62: +200 sách (tổng: 12152)
2026-04-12 16:07:34,949 [INFO]   Trang 63: +194 sách (tổng: 12346)
2026-04-12 16:07:44,736 [INFO]   Trang 64: +196 sách (tổng: 12542)
2026-04-12 16:07:50,665 [INFO]   Trang 65: +194 sách (tổng: 12736)
2026-04-12 16:07:58,926 [INFO]   Trang 66: +198 sách (tổng: 12934)
2026-04-12 16:08:04,538 [INFO]   Trang 67: +196 sách (tổng: 13130)
2026-04-12 16:08:10,248 [INFO]   Trang 68: +196 sách (tổng: 13326)
2026-04-12 16:08:15,534 [INFO]   Trang 69: +192 sách (tổng: 13518)
2026-04-12 16:08:21,405 [INFO]   Trang 70: +192 sách (tổng: 13710)
2026-04-12 16:08:26,854 [INFO]   Trang 71: +198 sách (tổng: 13908)
2026-04-12 16:08:32,572 [INFO]   Trang 72: +196 sách (tổng: 14104)
2026-04-12 16:08:38,648 [INFO]   Trang 73: +190 sách (tổng: 14294)
2026-04-12 16:08:45,563 [INFO]   Trang 74: +190 sách (tổng: 14484)
2026-04-12 16:08:52,537 [INFO]   Trang 75: +188 sách (tổng: 14672)
2026-04-12 16:08:59,205 [INFO]   Trang 76: +192 sách (tổng: 14864)
2026-04-12 16:09:05,697 [INFO]   Trang 77: +186 sách (tổng: 15050)
2026-04-12 16:09:11,906 [INFO]   Trang 78: +46 sách (tổng: 15096)
2026-04-12 16:09:18,303 [INFO]   Trang 79: +6 sách (tổng: 15102)
2026-04-12 16:09:24,283 [INFO] ━━ Danh mục: Máy Đọc Sách ━━
2026-04-12 16:09:24,650 [WARNING] [1/3] Lỗi fetch https://dtv-ebook.com.vn/-11738.html: 404 Client Error: Not Found for url: https://dtv-ebook.com.vn/-11738.html
2026-04-12 16:09:30,199 [WARNING] [2/3] Lỗi fetch https://dtv-ebook.com.vn/-11738.html: 404 Client Error: Not Found for url: https://dtv-ebook.com.vn/-11738.html
2026-04-12 16:09:42,318 [WARNING] [3/3] Lỗi fetch https://dtv-ebook.com.vn/-11738.html: 404 Client Error: Not Found for url: https://dtv-ebook.com.vn/-11738.html
2026-04-12 16:09:42,319 [ERROR] Bỏ qua URL (fetch thất bại): https://dtv-ebook.com.vn/-11738.html
2026-04-12 16:09:42,319 [INFO] ━━ Danh mục: Best seller ━━
2026-04-12 16:09:44,990 [INFO]   Trang 1: +276 sách (tổng: 276)
2026-04-12 16:09:50,992 [INFO]   Trang 2: +196 sách (tổng: 472)
2026-04-12 16:09:57,162 [INFO]   Trang 3: +196 sách (tổng: 668)
2026-04-12 16:10:03,190 [INFO]   Trang 4: +194 sách (tổng: 862)
2026-04-12 16:10:09,355 [INFO]   Trang 5: +194 sách (tổng: 1056)
2026-04-12 16:10:14,943 [INFO]   Trang 6: +188 sách (tổng: 1244)
2026-04-12 16:10:21,079 [INFO]   Trang 7: +200 sách (tổng: 1444)
2026-04-12 16:10:28,138 [INFO]   Trang 8: +176 sách (tổng: 1620)
2026-04-12 16:10:33,964 [INFO] ━━ Danh mục: Cổ đại ━━
2026-04-12 16:10:37,599 [INFO]   Trang 1: +276 sách (tổng: 276)
2026-04-12 16:10:44,063 [INFO]   Trang 2: +196 sách (tổng: 472)
2026-04-12 16:10:52,730 [INFO]   Trang 3: +196 sách (tổng: 668)
2026-04-12 16:11:02,791 [INFO]   Trang 4: +194 sách (tổng: 862)
2026-04-12 16:11:11,802 [INFO]   Trang 5: +190 sách (tổng: 1052)
2026-04-12 16:11:59,807 [WARNING] [1/3] Lỗi fetch https://dtv-ebook.com.vn/co-dai-511/6.html: HTTPSConnectionPool(host='dtv-ebook.com.vn', port=443): Read timed out. (read timeout=45)
2026-04-12 16:12:37,202 [INFO]   Trang 6: +202 sách (tổng: 1254)
2026-04-12 16:12:48,511 [INFO]   Trang 7: +202 sách (tổng: 1456)
2026-04-12 16:13:01,652 [INFO]   Trang 8: +198 sách (tổng: 1654)
2026-04-12 16:13:17,179 [INFO] Session warm-up OK (status 200, cookies: 0)
2026-04-12 16:13:21,080 [INFO] Đang lấy danh sách thể loại...
2026-04-12 16:13:25,609 [INFO] Tìm thấy 0 thể loại
2026-04-12 16:13:25,609 [ERROR] Không tìm thấy danh mục nào!
2026-04-12 16:16:26,670 [WARNING] Warm-up thất bại (tiếp tục): HTTPSConnectionPool(host='dtv-ebook.com.vn', port=443): Read timed out. (read timeout=45)
2026-04-12 16:16:29,211 [INFO] Su dung 49 the loai co san
2026-04-12 16:16:29,211 [INFO] ━━ Danh mục: Best seller ━━
2026-04-12 16:17:21,313 [INFO] ━━ Danh mục: Co dai ━━
2026-04-12 16:17:34,924 [INFO] ━━ Danh mục: Chien tranh ━━
2026-04-12 16:17:48,120 [INFO] ━━ Danh mục: Di nang ━━
2026-04-12 16:17:55,900 [INFO] ━━ Danh mục: Dam my ━━
2026-04-12 16:18:01,949 [INFO] ━━ Danh mục: Do thi - Quan truong ━━
2026-04-12 16:18:06,410 [INFO] ━━ Danh mục: Ngon tinh ━━
2026-04-12 16:18:09,829 [INFO] ━━ Danh mục: Huyen ao ━━
2026-04-12 16:18:14,748 [INFO] ━━ Danh mục: Hoi ky - But ky ━━
2026-04-12 16:18:19,076 [INFO] ━━ Danh mục: Kinh di ━━
2026-04-12 16:18:22,538 [INFO] ━━ Danh mục: Ky nang song - Khoi nghiep ━━
2026-04-12 16:18:26,857 [INFO] ━━ Danh mục: Quan tri - Kinh doanh ━━
2026-04-12 16:18:32,596 [INFO] ━━ Danh mục: Sac Hiep ━━
2026-04-12 16:18:37,373 [INFO] ━━ Danh mục: Tan Van ━━
2026-04-12 16:18:42,172 [INFO] ━━ Danh mục: Tien hiep ━━
2026-04-12 16:18:46,314 [INFO] ━━ Danh mục: Trinh tham ━━
2026-04-12 16:18:53,162 [INFO] ━━ Danh mục: Trom mo ━━
2026-04-12 16:18:58,171 [INFO] ━━ Danh mục: Trong Sinh ━━
2026-04-12 16:19:06,656 [INFO] ━━ Danh mục: Tieu thuyet ━━
2026-04-12 16:19:09,811 [INFO] ━━ Danh mục: Thieu Nhi ━━
2026-04-12 16:19:13,304 [INFO] ━━ Danh mục: Xuyen khong ━━
2026-04-12 16:19:16,792 [INFO] ━━ Danh mục: Cuong cong thu sung ━━
2026-04-12 16:19:23,575 [INFO] ━━ Danh mục: Cuong thu hao doat ━━
2026-04-12 16:19:28,010 [INFO] ━━ Danh mục: Co Trang ━━
2026-04-12 16:19:32,432 [INFO] ━━ Danh mục: Co Tich ━━
2026-04-12 16:19:36,871 [INFO] ━━ Danh mục: Du hi ━━
2026-04-12 16:19:42,637 [INFO] ━━ Danh mục: Hai huoc ━━
2026-04-12 16:19:46,430 [INFO] ━━ Danh mục: Khoa huyen ━━
2026-04-12 16:19:51,220 [INFO] ━━ Danh mục: Kinh dien ━━
2026-04-12 16:20:01,713 [INFO] ━━ Danh mục: Kiem hiep - Vo hiep ━━
2026-04-12 16:20:06,431 [INFO] ━━ Danh mục: Hien dai ━━
2026-04-12 16:20:12,854 [INFO] ━━ Danh mục: Lang man ━━
2026-04-12 16:20:22,829 [INFO] ━━ Danh mục: Phieu luu ━━
2026-04-12 16:20:30,113 [INFO] ━━ Danh mục: Phong thuy ━━
2026-04-12 16:20:33,906 [INFO] ━━ Danh mục: Sach teen ━━
2026-04-12 16:20:42,277 [INFO] ━━ Danh mục: Sach Tam linh ━━
2026-04-12 16:20:50,815 [INFO] ━━ Danh mục: Su thi ━━
2026-04-12 16:20:54,982 [INFO] ━━ Danh mục: Tho ━━
2026-04-12 16:20:59,624 [INFO] ━━ Danh mục: Truyen Dan gian ━━
2026-04-12 16:21:05,376 [INFO] ━━ Danh mục: Truyen ngan ━━
2026-04-12 16:21:09,459 [INFO] ━━ Danh mục: Tuyen tap ━━
2026-04-12 16:21:12,830 [INFO] ━━ Danh mục: Gian diep - Phan gian ━━
2026-04-12 16:21:19,287 [INFO] ━━ Danh mục: Ton giao ━━
2026-04-12 16:21:24,756 [INFO] ━━ Danh mục: Tap van ━━
2026-04-12 16:21:29,965 [INFO] ━━ Danh mục: Tu truyen ━━
2026-04-12 16:21:35,312 [INFO] ━━ Danh mục: Sach Noi ━━
2026-04-12 16:21:40,020 [INFO] ━━ Danh mục: Truyen Tranh ━━
2026-04-12 16:21:44,815 [INFO] ━━ Danh mục: Audiobook ━━
2026-04-12 16:21:49,015 [INFO] ━━ Danh mục: Sach Moi Phat Hanh ━━
2026-04-12 16:21:53,835 [INFO] 
📚 Tổng số sách tìm thấy: 0
2026-04-12 16:21:53,835 [INFO] 
╔══════════════════════════════╗
║        KẾT QUẢ SCRAPE       ║
╠══════════════════════════════╣
║  ✓ Tải thành công :      0  ║
║  ⏭ Đã có / bỏ qua:      0  ║
║  ✗ Thất bại       :      0  ║
║  ⚠ Không có link  :      0  ║
╚══════════════════════════════╝
Thư mục lưu: C:\Users\quock\OneDrive\picklematch-vn\dtv_ebooks
    
2026-04-12 16:25:42,778 [INFO] Session warm-up OK (status 200, cookies: 0)
2026-04-12 16:25:45,239 [INFO] Su dung 49 the loai co san
2026-04-12 16:25:45,239 [INFO] ━━ Danh mục: Best seller ━━
2026-04-12 16:25:49,037 [INFO]   [DEBUG] Tong so <a> tren trang: 0
2026-04-12 16:25:49,037 [INFO]   [DEBUG] 15 href dau: []
2026-04-12 16:25:49,038 [INFO]   Trang 1: khong co sach nao, dung lai
2026-04-12 16:25:49,038 [INFO] ━━ Danh mục: Co dai ━━
2026-04-12 16:25:53,756 [INFO]   [DEBUG] Tong so <a> tren trang: 0
2026-04-12 16:25:53,756 [INFO]   [DEBUG] 15 href dau: []
2026-04-12 16:25:53,756 [INFO]   Trang 1: khong co sach nao, dung lai
2026-04-12 16:25:53,756 [INFO] ━━ Danh mục: Chien tranh ━━
2026-04-12 16:26:03,183 [INFO]   [DEBUG] Tong so <a> tren trang: 0
2026-04-12 16:26:03,183 [INFO]   [DEBUG] 15 href dau: []
2026-04-12 16:26:03,184 [INFO]   Trang 1: khong co sach nao, dung lai
2026-04-12 16:26:03,184 [INFO] ━━ Danh mục: Di nang ━━
2026-04-12 16:26:08,012 [INFO]   [DEBUG] Tong so <a> tren trang: 0
2026-04-12 16:26:08,012 [INFO]   [DEBUG] 15 href dau: []
2026-04-12 16:26:08,013 [INFO]   Trang 1: khong co sach nao, dung lai
2026-04-12 16:26:08,013 [INFO] ━━ Danh mục: Dam my ━━
2026-04-12 16:26:19,091 [INFO]   [DEBUG] Tong so <a> tren trang: 0
2026-04-12 16:26:19,092 [INFO]   [DEBUG] 15 href dau: []
2026-04-12 16:26:19,092 [INFO]   Trang 1: khong co sach nao, dung lai
2026-04-12 16:26:19,092 [INFO] ━━ Danh mục: Do thi - Quan truong ━━
2026-04-12 16:26:25,284 [INFO]   [DEBUG] Tong so <a> tren trang: 0
2026-04-12 16:26:25,284 [INFO]   [DEBUG] 15 href dau: []
2026-04-12 16:26:25,285 [INFO]   Trang 1: khong co sach nao, dung lai
2026-04-12 16:26:25,285 [INFO] ━━ Danh mục: Ngon tinh ━━
2026-04-12 16:26:30,675 [INFO]   [DEBUG] Tong so <a> tren trang: 0
2026-04-12 16:26:30,675 [INFO]   [DEBUG] 15 href dau: []
2026-04-12 16:26:30,675 [INFO]   Trang 1: khong co sach nao, dung lai
2026-04-12 16:26:30,675 [INFO] ━━ Danh mục: Huyen ao ━━
2026-04-12 16:26:37,339 [INFO]   [DEBUG] Tong so <a> tren trang: 0
2026-04-12 16:26:37,339 [INFO]   [DEBUG] 15 href dau: []
2026-04-12 16:26:37,340 [INFO]   Trang 1: khong co sach nao, dung lai
2026-04-12 16:26:37,340 [INFO] ━━ Danh mục: Hoi ky - But ky ━━
2026-04-12 16:26:43,668 [INFO]   [DEBUG] Tong so <a> tren trang: 0
2026-04-12 16:26:43,668 [INFO]   [DEBUG] 15 href dau: []
2026-04-12 16:26:43,668 [INFO]   Trang 1: khong co sach nao, dung lai
2026-04-12 16:26:43,668 [INFO] ━━ Danh mục: Kinh di ━━
2026-04-12 16:26:49,544 [INFO]   [DEBUG] Tong so <a> tren trang: 0
2026-04-12 16:26:49,544 [INFO]   [DEBUG] 15 href dau: []
2026-04-12 16:26:49,544 [INFO]   Trang 1: khong co sach nao, dung lai
2026-04-12 16:26:49,544 [INFO] ━━ Danh mục: Ky nang song - Khoi nghiep ━━
2026-04-12 16:26:54,871 [INFO]   [DEBUG] Tong so <a> tren trang: 0
2026-04-12 16:26:54,871 [INFO]   [DEBUG] 15 href dau: []
2026-04-12 16:26:54,871 [INFO]   Trang 1: khong co sach nao, dung lai
2026-04-12 16:26:54,871 [INFO] ━━ Danh mục: Quan tri - Kinh doanh ━━
2026-04-12 16:27:01,792 [INFO]   [DEBUG] Tong so <a> tren trang: 0
2026-04-12 16:27:01,792 [INFO]   [DEBUG] 15 href dau: []
2026-04-12 16:27:01,793 [INFO]   Trang 1: khong co sach nao, dung lai
2026-04-12 16:27:01,793 [INFO] ━━ Danh mục: Sac Hiep ━━
2026-04-12 16:27:06,897 [INFO]   [DEBUG] Tong so <a> tren trang: 0
2026-04-12 16:27:06,897 [INFO]   [DEBUG] 15 href dau: []
2026-04-12 16:27:06,898 [INFO]   Trang 1: khong co sach nao, dung lai
2026-04-12 16:27:06,898 [INFO] ━━ Danh mục: Tan Van ━━
2026-04-12 16:27:12,038 [INFO]   [DEBUG] Tong so <a> tren trang: 0
2026-04-12 16:27:12,038 [INFO]   [DEBUG] 15 href dau: []
2026-04-12 16:27:12,038 [INFO]   Trang 1: khong co sach nao, dung lai
2026-04-12 16:27:12,038 [INFO] ━━ Danh mục: Tien hiep ━━
2026-04-12 16:27:16,472 [INFO]   [DEBUG] Tong so <a> tren trang: 0
2026-04-12 16:27:16,472 [INFO]   [DEBUG] 15 href dau: []
2026-04-12 16:27:16,472 [INFO]   Trang 1: khong co sach nao, dung lai
2026-04-12 16:27:16,473 [INFO] ━━ Danh mục: Trinh tham ━━
2026-04-12 16:27:21,441 [INFO]   [DEBUG] Tong so <a> tren trang: 0
2026-04-12 16:27:21,441 [INFO]   [DEBUG] 15 href dau: []
2026-04-12 16:27:21,441 [INFO]   Trang 1: khong co sach nao, dung lai
2026-04-12 16:27:21,441 [INFO] ━━ Danh mục: Trom mo ━━
2026-04-12 16:27:27,173 [INFO]   [DEBUG] Tong so <a> tren trang: 0
2026-04-12 16:27:27,174 [INFO]   [DEBUG] 15 href dau: []
2026-04-12 16:27:27,174 [INFO]   Trang 1: khong co sach nao, dung lai
2026-04-12 16:27:27,174 [INFO] ━━ Danh mục: Trong Sinh ━━
2026-04-12 16:27:31,183 [INFO]   [DEBUG] Tong so <a> tren trang: 0
2026-04-12 16:27:31,184 [INFO]   [DEBUG] 15 href dau: []
2026-04-12 16:27:31,184 [INFO]   Trang 1: khong co sach nao, dung lai
2026-04-12 16:27:31,184 [INFO] ━━ Danh mục: Tieu thuyet ━━
2026-04-12 16:27:35,582 [INFO]   [DEBUG] Tong so <a> tren trang: 0
2026-04-12 16:27:35,583 [INFO]   [DEBUG] 15 href dau: []
2026-04-12 16:27:35,583 [INFO]   Trang 1: khong co sach nao, dung lai
2026-04-12 16:27:35,583 [INFO] ━━ Danh mục: Thieu Nhi ━━
2026-04-12 16:27:40,628 [INFO]   [DEBUG] Tong so <a> tren trang: 0
2026-04-12 16:27:40,629 [INFO]   [DEBUG] 15 href dau: []
2026-04-12 16:27:40,629 [INFO]   Trang 1: khong co sach nao, dung lai
2026-04-12 16:27:40,629 [INFO] ━━ Danh mục: Xuyen khong ━━
2026-04-12 16:27:46,181 [INFO]   [DEBUG] Tong so <a> tren trang: 0
2026-04-12 16:27:46,181 [INFO]   [DEBUG] 15 href dau: []
2026-04-12 16:27:46,182 [INFO]   Trang 1: khong co sach nao, dung lai
2026-04-12 16:27:46,182 [INFO] ━━ Danh mục: Cuong cong thu sung ━━
2026-04-12 16:27:52,244 [INFO]   [DEBUG] Tong so <a> tren trang: 0
2026-04-12 16:27:52,244 [INFO]   [DEBUG] 15 href dau: []
2026-04-12 16:27:52,245 [INFO]   Trang 1: khong co sach nao, dung lai
2026-04-12 16:27:52,245 [INFO] ━━ Danh mục: Cuong thu hao doat ━━
2026-04-12 16:27:56,464 [INFO]   [DEBUG] Tong so <a> tren trang: 0
2026-04-12 16:27:56,464 [INFO]   [DEBUG] 15 href dau: []
2026-04-12 16:27:56,464 [INFO]   Trang 1: khong co sach nao, dung lai
2026-04-12 16:27:56,464 [INFO] ━━ Danh mục: Co Trang ━━
2026-04-12 16:28:03,065 [INFO]   [DEBUG] Tong so <a> tren trang: 0
2026-04-12 16:28:03,065 [INFO]   [DEBUG] 15 href dau: []
2026-04-12 16:28:03,065 [INFO]   Trang 1: khong co sach nao, dung lai
2026-04-12 16:28:03,065 [INFO] ━━ Danh mục: Co Tich ━━
2026-04-12 16:28:08,959 [INFO]   [DEBUG] Tong so <a> tren trang: 0
2026-04-12 16:28:08,959 [INFO]   [DEBUG] 15 href dau: []
2026-04-12 16:28:08,960 [INFO]   Trang 1: khong co sach nao, dung lai
2026-04-12 16:28:08,960 [INFO] ━━ Danh mục: Du hi ━━
2026-04-12 16:28:13,963 [INFO]   [DEBUG] Tong so <a> tren trang: 0
2026-04-12 16:28:13,964 [INFO]   [DEBUG] 15 href dau: []
2026-04-12 16:28:13,964 [INFO]   Trang 1: khong co sach nao, dung lai
2026-04-12 16:28:13,964 [INFO] ━━ Danh mục: Hai huoc ━━
2026-04-12 16:28:18,533 [INFO]   [DEBUG] Tong so <a> tren trang: 0
2026-04-12 16:28:18,534 [INFO]   [DEBUG] 15 href dau: []
2026-04-12 16:28:18,534 [INFO]   Trang 1: khong co sach nao, dung lai
2026-04-12 16:28:18,534 [INFO] ━━ Danh mục: Khoa huyen ━━
2026-04-12 16:28:23,034 [INFO]   [DEBUG] Tong so <a> tren trang: 0
2026-04-12 16:28:23,035 [INFO]   [DEBUG] 15 href dau: []
2026-04-12 16:28:23,035 [INFO]   Trang 1: khong co sach nao, dung lai
2026-04-12 16:28:23,035 [INFO] ━━ Danh mục: Kinh dien ━━
2026-04-12 16:28:26,783 [INFO]   [DEBUG] Tong so <a> tren trang: 0
2026-04-12 16:28:26,783 [INFO]   [DEBUG] 15 href dau: []
2026-04-12 16:28:26,783 [INFO]   Trang 1: khong co sach nao, dung lai
2026-04-12 16:28:26,783 [INFO] ━━ Danh mục: Kiem hiep - Vo hiep ━━
2026-04-12 16:28:32,137 [INFO]   [DEBUG] Tong so <a> tren trang: 0
2026-04-12 16:28:32,138 [INFO]   [DEBUG] 15 href dau: []
2026-04-12 16:28:32,138 [INFO]   Trang 1: khong co sach nao, dung lai
2026-04-12 16:28:32,138 [INFO] ━━ Danh mục: Hien dai ━━
2026-04-12 16:28:37,293 [INFO]   [DEBUG] Tong so <a> tren trang: 0
2026-04-12 16:28:37,293 [INFO]   [DEBUG] 15 href dau: []
2026-04-12 16:28:37,294 [INFO]   Trang 1: khong co sach nao, dung lai
2026-04-12 16:28:37,294 [INFO] ━━ Danh mục: Lang man ━━
2026-04-12 16:28:48,995 [INFO]   [DEBUG] Tong so <a> tren trang: 0
2026-04-12 16:28:48,995 [INFO]   [DEBUG] 15 href dau: []
2026-04-12 16:28:48,996 [INFO]   Trang 1: khong co sach nao, dung lai
2026-04-12 16:28:48,996 [INFO] ━━ Danh mục: Phieu luu ━━
2026-04-12 16:29:05,964 [INFO]   [DEBUG] Tong so <a> tren trang: 0
2026-04-12 16:29:05,964 [INFO]   [DEBUG] 15 href dau: []
2026-04-12 16:29:05,965 [INFO]   Trang 1: khong co sach nao, dung lai
2026-04-12 16:29:05,965 [INFO] ━━ Danh mục: Phong thuy ━━
2026-04-12 16:29:09,614 [INFO]   [DEBUG] Tong so <a> tren trang: 0
2026-04-12 16:29:09,614 [INFO]   [DEBUG] 15 href dau: []
2026-04-12 16:29:09,614 [INFO]   Trang 1: khong co sach nao, dung lai
2026-04-12 16:29:09,614 [INFO] ━━ Danh mục: Sach teen ━━
2026-04-12 16:29:13,596 [INFO]   [DEBUG] Tong so <a> tren trang: 0
2026-04-12 16:29:13,596 [INFO]   [DEBUG] 15 href dau: []
2026-04-12 16:29:13,596 [INFO]   Trang 1: khong co sach nao, dung lai
2026-04-12 16:29:13,596 [INFO] ━━ Danh mục: Sach Tam linh ━━
2026-04-12 16:29:19,640 [INFO]   [DEBUG] Tong so <a> tren trang: 0
2026-04-12 16:29:19,641 [INFO]   [DEBUG] 15 href dau: []
2026-04-12 16:29:19,641 [INFO]   Trang 1: khong co sach nao, dung lai
2026-04-12 16:29:19,641 [INFO] ━━ Danh mục: Su thi ━━
2026-04-12 16:29:24,750 [INFO]   [DEBUG] Tong so <a> tren trang: 0
2026-04-12 16:29:24,750 [INFO]   [DEBUG] 15 href dau: []
2026-04-12 16:29:24,751 [INFO]   Trang 1: khong co sach nao, dung lai
2026-04-12 16:29:24,751 [INFO] ━━ Danh mục: Tho ━━
2026-04-12 16:29:28,717 [INFO]   [DEBUG] Tong so <a> tren trang: 0
2026-04-12 16:29:28,717 [INFO]   [DEBUG] 15 href dau: []
2026-04-12 16:29:28,717 [INFO]   Trang 1: khong co sach nao, dung lai
2026-04-12 16:29:28,717 [INFO] ━━ Danh mục: Truyen Dan gian ━━
2026-04-12 16:29:32,180 [INFO]   [DEBUG] Tong so <a> tren trang: 0
2026-04-12 16:29:32,181 [INFO]   [DEBUG] 15 href dau: []
2026-04-12 16:29:32,181 [INFO]   Trang 1: khong co sach nao, dung lai
2026-04-12 16:29:32,181 [INFO] ━━ Danh mục: Truyen ngan ━━
2026-04-12 16:29:35,603 [INFO]   [DEBUG] Tong so <a> tren trang: 0
2026-04-12 16:29:35,603 [INFO]   [DEBUG] 15 href dau: []
2026-04-12 16:29:35,604 [INFO]   Trang 1: khong co sach nao, dung lai
2026-04-12 16:29:35,604 [INFO] ━━ Danh mục: Tuyen tap ━━
2026-04-12 16:29:41,644 [INFO]   [DEBUG] Tong so <a> tren trang: 0
2026-04-12 16:29:41,645 [INFO]   [DEBUG] 15 href dau: []
2026-04-12 16:29:41,645 [INFO]   Trang 1: khong co sach nao, dung lai
2026-04-12 16:29:41,645 [INFO] ━━ Danh mục: Gian diep - Phan gian ━━
2026-04-12 16:29:47,563 [INFO]   [DEBUG] Tong so <a> tren trang: 0
2026-04-12 16:29:47,563 [INFO]   [DEBUG] 15 href dau: []
2026-04-12 16:29:47,564 [INFO]   Trang 1: khong co sach nao, dung lai
2026-04-12 16:29:47,564 [INFO] ━━ Danh mục: Ton giao ━━
2026-04-12 16:29:52,634 [INFO]   [DEBUG] Tong so <a> tren trang: 0
2026-04-12 16:29:52,634 [INFO]   [DEBUG] 15 href dau: []
2026-04-12 16:29:52,635 [INFO]   Trang 1: khong co sach nao, dung lai
2026-04-12 16:29:52,635 [INFO] ━━ Danh mục: Tap van ━━
2026-04-12 16:29:57,143 [INFO]   [DEBUG] Tong so <a> tren trang: 0
2026-04-12 16:29:57,143 [INFO]   [DEBUG] 15 href dau: []
2026-04-12 16:29:57,143 [INFO]   Trang 1: khong co sach nao, dung lai
2026-04-12 16:29:57,143 [INFO] ━━ Danh mục: Tu truyen ━━
2026-04-12 16:30:05,299 [INFO]   [DEBUG] Tong so <a> tren trang: 0
2026-04-12 16:30:05,300 [INFO]   [DEBUG] 15 href dau: []
2026-04-12 16:30:05,300 [INFO]   Trang 1: khong co sach nao, dung lai
2026-04-12 16:30:05,300 [INFO] ━━ Danh mục: Sach Noi ━━
2026-04-12 16:30:45,859 [INFO]   [DEBUG] Tong so <a> tren trang: 0
2026-04-12 16:30:45,859 [INFO]   [DEBUG] 15 href dau: []
2026-04-12 16:30:45,859 [INFO]   Trang 1: khong co sach nao, dung lai
2026-04-12 16:30:45,860 [INFO] ━━ Danh mục: Truyen Tranh ━━
2026-04-12 16:30:54,528 [INFO]   [DEBUG] Tong so <a> tren trang: 0
2026-04-12 16:30:54,528 [INFO]   [DEBUG] 15 href dau: []
2026-04-12 16:30:54,528 [INFO]   Trang 1: khong co sach nao, dung lai
2026-04-12 16:30:54,528 [INFO] ━━ Danh mục: Audiobook ━━
2026-04-12 16:30:58,903 [INFO]   [DEBUG] Tong so <a> tren trang: 0
2026-04-12 16:30:58,903 [INFO]   [DEBUG] 15 href dau: []
2026-04-12 16:30:58,904 [INFO]   Trang 1: khong co sach nao, dung lai
2026-04-12 16:30:58,904 [INFO] ━━ Danh mục: Sach Moi Phat Hanh ━━
2026-04-12 16:31:13,137 [INFO]   [DEBUG] Tong so <a> tren trang: 0
2026-04-12 16:31:13,137 [INFO]   [DEBUG] 15 href dau: []
2026-04-12 16:31:13,137 [INFO]   Trang 1: khong co sach nao, dung lai
2026-04-12 16:31:13,137 [INFO] 
📚 Tổng số sách tìm thấy: 0
2026-04-12 16:31:13,138 [INFO] 
╔══════════════════════════════╗
║        KẾT QUẢ SCRAPE       ║
╠══════════════════════════════╣
║  ✓ Tải thành công :      0  ║
║  ⏭ Đã có / bỏ qua:      0  ║
║  ✗ Thất bại       :      0  ║
║  ⚠ Không có link  :      0  ║
╚══════════════════════════════╝
Thư mục lưu: C:\Users\quock\OneDrive\picklematch-vn\dtv_ebooks
    
2026-04-12 16:37:03,413 [INFO] Warm-up session...
2026-04-12 16:37:55,222 [WARNING] Warm-up loi (tiep tuc): Timeout 25000ms exceeded.
=========================== logs ===========================
"load" event fired
============================================================
2026-04-12 16:37:57,993 [INFO] Danh muc: Best seller
2026-04-12 16:38:28,010 [WARNING] Timeout: https://dtv-ebook.com.vn/best-seller-493.html
2026-04-12 16:38:31,757 [INFO] Danh muc: Co dai
2026-04-12 16:39:25,222 [WARNING] Timeout: https://dtv-ebook.com.vn/co-dai-511.html
2026-04-12 16:39:28,522 [INFO] Danh muc: Chien tranh
2026-04-12 16:39:58,527 [WARNING] Timeout: https://dtv-ebook.com.vn/chien-tranh-1449.html
2026-04-12 16:40:00,943 [INFO] Danh muc: Di nang
2026-04-12 16:40:42,510 [WARNING] Timeout: https://dtv-ebook.com.vn/di-nang-496.html
2026-04-12 16:40:45,341 [INFO] Danh muc: Dam my
2026-04-12 16:41:06,361 [INFO]   Trang 1: +92 sach (tong: 92)
2026-04-12 16:41:36,161 [WARNING] Timeout: https://dtv-ebook.com.vn/dam-my-494/2.html
2026-04-12 16:41:39,644 [INFO] Danh muc: Do thi - Quan truong
2026-04-12 16:42:12,209 [WARNING] Timeout: https://dtv-ebook.com.vn/do-thi-quan-truong-495.html
2026-04-12 16:42:15,527 [INFO] Danh muc: Ngon tinh
2026-04-12 16:42:27,858 [INFO]   Trang 1: +96 sach (tong: 96)
2026-04-12 16:42:39,544 [INFO]   Trang 2: +53 sach (tong: 149)
2026-04-12 16:44:09,689 [INFO] Warm-up session...
2026-04-12 16:44:26,254 [INFO] Warm-up OK
2026-04-12 16:44:29,679 [INFO] Danh muc: Best seller
2026-04-12 16:44:37,958 [INFO]   Trang 1: +95 sach (tong: 95)
2026-04-12 16:44:49,936 [INFO]   Trang 2: +53 sach (tong: 148)
2026-04-12 16:45:02,838 [INFO]   Trang 3: +51 sach (tong: 199)
2026-04-12 16:45:20,274 [INFO]   Trang 4: +50 sach (tong: 249)
